<component name="libraryTable">
  <library name="junit">
    <CLASSES>
      <root url="jar://$USER_HOME$/Documents/junit.jar!/" />
      <root url="jar://$USER_HOME$/Documents/org.hamcrest.core_1.3.0.v201303031735.jar!/" />
      <root url="jar://$USER_HOME$/Documents/pr17.jar!/" />
    </CLASSES>
    <JAVADOC />
    <SOURCES />
  </library>
</component>